生成启动时间为 2014/10/31 21:01:13。
     1>项目“D:\SE group\POPTA\POPTA\泡泡堂测试\泡泡堂测试.vcxproj”在节点 2 上(Build 个目标)。
     1>ClCompile:
         C:\Program Files (x86)\Microsoft Visual Studio 11.0\VC\bin\CL.exe /c /ZI /nologo /W3 /WX- /Od /Oy- /D WIN32 /D _DEBUG /D _WINDOWS /D _UNICODE /D UNICODE /Gm /EHsc /RTC1 /MDd /GS /fp:precise /Zc:wchar_t /Zc:forScope /Fo"Debug\\" /Fd"Debug\vc110.pdb" /Gd /TP /analyze- /errorReport:prompt popta.cpp
         popta.cpp
     1>d:\se group\popta\popta\泡泡堂测试\popta.cpp(77): warning C4244: “参数”: 从“int”转换到“float”，可能丢失数据
     1>d:\se group\popta\popta\泡泡堂测试\popta.cpp(79): error C2065: “walkorstand”: 未声明的标识符
     1>d:\se group\popta\popta\泡泡堂测试\popta.cpp(80): error C2065: “playerstand”: 未声明的标识符
     1>d:\se group\popta\popta\泡泡堂测试\popta.cpp(80): error C2227: “->Render”的左边必须指向类/结构/联合/泛型类型
                 类型是“'unknown-type'”
     1>d:\se group\popta\popta\泡泡堂测试\popta.cpp(81): error C2065: “playerstand”: 未声明的标识符
     1>d:\se group\popta\popta\泡泡堂测试\popta.cpp(81): error C2227: “->getX”的左边必须指向类/结构/联合/泛型类型
                 类型是“'unknown-type'”
     1>d:\se group\popta\popta\泡泡堂测试\popta.cpp(81): error C2227: “->getY”的左边必须指向类/结构/联合/泛型类型
                 类型是“'unknown-type'”
     1>d:\se group\popta\popta\泡泡堂测试\popta.cpp(83): error C2065: “playerwalk”: 未声明的标识符
     1>d:\se group\popta\popta\泡泡堂测试\popta.cpp(83): error C2227: “->Render”的左边必须指向类/结构/联合/泛型类型
                 类型是“'unknown-type'”
     1>d:\se group\popta\popta\泡泡堂测试\popta.cpp(84): error C2065: “playerwalk”: 未声明的标识符
     1>d:\se group\popta\popta\泡泡堂测试\popta.cpp(84): error C2227: “->getX”的左边必须指向类/结构/联合/泛型类型
                 类型是“'unknown-type'”
     1>d:\se group\popta\popta\泡泡堂测试\popta.cpp(84): error C2227: “->getY”的左边必须指向类/结构/联合/泛型类型
                 类型是“'unknown-type'”
     1>d:\se group\popta\popta\泡泡堂测试\popta.cpp(86): error C2143: 语法错误 : 缺少“;”(在“>>”的前面)
     1>d:\se group\popta\popta\泡泡堂测试\popta.cpp(111): warning C4244: “参数”: 从“const int”转换到“float”，可能丢失数据
     1>d:\se group\popta\popta\泡泡堂测试\popta.cpp(118): warning C4244: “参数”: 从“const int”转换到“float”，可能丢失数据
     1>已完成生成项目“D:\SE group\POPTA\POPTA\泡泡堂测试\泡泡堂测试.vcxproj”(Build 个目标)的操作 - 失败。

生成失败。

已用时间 00:00:01.90
